MPASM  5.42                         COCHE.ASM   5-3-2019  16:45:54         PAGE  1


LOC  OBJECT CODE     LINE SOURCE TEXT
  VALUE

                      00001                                 List p = 16f876a
                      00002                         include "p16f876a.inc"
                      00001         LIST
                      00002 
                      00003 ;==========================================================================
                      00004 ;  MPASM PIC16F876A processor include
                      00005 ; 
                      00006 ;  (c) Copyright 1999-2011 Microchip Technology, All rights reserved
                      00007 ;==========================================================================
                      00008 
                      00513         LIST
2007   3F79           00003         __CONFIG _XT_OSC & _WDT_OFF & _LVP_OFF
                      00004 
0000                  00005                                 ORG     0
0000   2805           00006                                 goto    inicio
                      00007                 
0004                  00008                                 ORG     4
0004   2823           00009                                 goto    interrupcion
                      00010 
0005                  00011                                 ORG             5
                      00012 
                      00013 
  00000020            00014 PORTCactual                     EQU             0X20
  00000021            00015 V                               EQU             0X21                            
  00000022            00016 Vactual                         EQU             0X22
  00000023            00017 zero                            EQU             0X23
  00000024            00018 sentido                         EQU             0X24
  00000025            00019 Toff                            EQU             0X25
  00000026            00020 dos                             EQU             0X26
  00000027            00021 id                              EQU             0X27
  00000028            00022 idcheck                         EQU             0X28
                      00023 
                      00024 
0005                  00025 inicio
0005   01A3           00026                                 clrf    zero
0006   3002           00027                                 movlw   .2
0007   00A6           00028                                 movwf   dos
0008   3081           00029                                 movlw   b'10000001'
0009   00A8           00030                                 movwf   idcheck
000A   1683           00031                                 bsf     STATUS,RP0              ;Subimos al banco 1
Message[302]: Register in operand not in bank 0.  Ensure that bank bits are correct.
000B   0187           00032                                 clrf    TRISC                   ;TX hacia el puerto serie               
                                            
Message[302]: Register in operand not in bank 0.  Ensure that bank bits are correct.
000C   1787           00033                                 bsf     TRISC,7                 ;Rx desde el puerto serie
                      00034                                 
                      00035 
Message[302]: Register in operand not in bank 0.  Ensure that bank bits are correct.
000D   1281           00036                                 bcf     OPTION_REG,T0CS         ;TMR0 usará el reloj del MICRO
Message[302]: Register in operand not in bank 0.  Ensure that bank bits are correct.
000E   1181           00037                                 bcf     OPTION_REG,PSA          ;Preescaler en rango de TMR0
Message[302]: Register in operand not in bank 0.  Ensure that bank bits are correct.
000F   1101           00038                                 bcf     OPTION_REG,PS2          ;Selecciones escala 1:2 para TMR0
MPASM  5.42                         COCHE.ASM   5-3-2019  16:45:54         PAGE  2


LOC  OBJECT CODE     LINE SOURCE TEXT
  VALUE

Message[302]: Register in operand not in bank 0.  Ensure that bank bits are correct.
0010   1081           00039                                 bcf     OPTION_REG,PS1
Message[302]: Register in operand not in bank 0.  Ensure that bank bits are correct.
0011   1001           00040                                 bcf     OPTION_REG,PS0          ;
Message[302]: Register in operand not in bank 0.  Ensure that bank bits are correct.
0012   1518           00041                                 bsf     TXSTA,BRGH              ;High Speed
0013   3019           00042                                 movlw   .25                     ;9600 baudios
Message[302]: Register in operand not in bank 0.  Ensure that bank bits are correct.
0014   0099           00043                                 movwf   SPBRG
Message[302]: Register in operand not in bank 0.  Ensure that bank bits are correct.
0015   1318           00044                                 bcf     TXSTA,TX9               ;8 bits de transmisión
Message[302]: Register in operand not in bank 0.  Ensure that bank bits are correct.
0016   1218           00045                                 bcf     TXSTA,SYNC              ;conexión asíncron
Message[302]: Register in operand not in bank 0.  Ensure that bank bits are correct.
0017   168C           00046                                 bsf     PIE1,RCIE               ;Habilitamos interrupción de recepción
0018   1283           00047                                 bcf     STATUS,RP0                                      
                      00048                                 
0019   1798           00049                                 bsf     RCSTA,SPEN              ;Habilitamos puerto series
001A   1318           00050                                 bcf     RCSTA,RX9               ;8 bit de recepción
001B   1618           00051                                 bsf     RCSTA,CREN              ;habilitamos recepción continua
001C   3007           00052                                 movlw   .7
001D   0081           00053                                 movwf   TMR0
001E   178B           00054                                 bsf     INTCON,GIE              ;Activa interrupciones  
001F   170B           00055                                 bsf     INTCON,PEIE             ;Activa interrupciones del PEIE
0020   128B           00056                                 bcf     INTCON,T0IE             ;Comenzamos con la interrupción de TMR0 
                            desactiva
0021   110B           00057                                 bcf     INTCON,T0IF                     
                      00058 
0022                  00059 main
0022   2822           00060                                 goto    main
                      00061 
0023                  00062 interrupcion
0023   1E8C           00063                                 btfss   PIR1,RCIF               ;Compruebo si he recibido
0024   284E           00064                                 goto    motor                   ;Ha saltado TMR0, voy a ver si toca moto
                            r encendido o apagado
0025   0BA6           00065                                 decfsz  dos,1                   ;Compruebo si estoy recibiendo el dato 
0026   2862           00066                                 goto    idrx                    ;Va a ver si es su identificador
0027   3002           00067                                 movlw   .2
0028   00A6           00068                                 movwf   dos
0029   0827           00069                                 movf    id,0
002A   0628           00070                                 xorwf   idcheck,0
002B   1D03           00071                                 btfss   STATUS,Z
002C   0009           00072                                 retfie                          ;Lo recibido no es de otro coche
002D   081A           00073                                 movf    RCREG,0                 ;Leemos lo recibio porque el id era el s
                            uyo
002E   00A4           00074                                 movwf   sentido                 ;Variable para comprobar sentido de movi
                            miento
002F   00A1           00075                                 movwf   V                       ;Nos quedamos con los bits de velocidad 
0030   13A1           00076                                 bcf     V,7                     ;Y borramos los de sentido
0031   1321           00077                                 bcf     V,6
0032   12A1           00078                                 bcf     V,5
0033   1221           00079                                 bcf     V,4
0034   0821           00080                                 movf    V,0                     ;
MPASM  5.42                         COCHE.ASM   5-3-2019  16:45:54         PAGE  3


LOC  OBJECT CODE     LINE SOURCE TEXT
  VALUE

0035   00A2           00081                                 movwf   Vactual                         
0036   3C20           00082                                 sublw   .32                                     
0037   00A5           00083                                 movwf   Toff                    ;Aquí guardamos 32-V para saber cuanto t
                            iempo está el motor encendido
0038   1B24           00084                                 btfsc   sentido,6
0039   283D           00085                                 goto    atroizq                 ;Si sentido,6 vale 1 es atras o izquierd
                            a
003A   1AA4           00086                                 btfsc   sentido,5               ;Si sentido,5 vale 0 es adelante o derec
                            ha
003B   2842           00087                                 goto    adelante                        
003C   2840           00088                                 goto    derecha
003D                  00089 atroizq
003D   1AA4           00090                                 btfsc   sentido,5
003E   2846           00091                                 goto    izquierda
003F   2844           00092                                 goto    atras
                      00093                                                 
0040                  00094 derecha
0040   308A           00095                                 movlw   b'10001010'             ;Conservamos RC7 a 1 por ser la linea de
                             RX del USART
0041   284A           00096                                 goto    terminar                
0042                  00097 adelante
0042   308B           00098                                 movlw   b'10001011'                     
0043   284A           00099                                 goto    terminar
0044                  00100 atras
0044   3087           00101                                 movlw   b'10000111'
0045   284A           00102                                 goto    terminar        
0046                  00103 izquierda
0046   3081           00104                                 movlw   b'10000001'
0047   284A           00105                                 goto    terminar
0048                  00106 parado
0048   3080           00107                                 movlw   b'10000000'
0049   284A           00108                                 goto    terminar
                      00109 
004A                  00110 terminar
004A   0087           00111                                 movwf   PORTC
004B   00A0           00112                                 movwf   PORTCactual
004C   168B           00113                                 bsf     INTCON,T0IE
004D   285E           00114                                 goto    prepararTMR0
                      00115 
004E                  00116 motor                                                           ;Venimos aquí cuando salta el TMR0
004E   0822           00117                                 movf    Vactual,0
004F   0623           00118                                 xorwf   zero,0                          
0050   1903           00119                                 btfsc   STATUS,Z
0051   2858           00120                                 goto    off                     ;Si Vactual es 0 apagamos motor
0052   0BA2           00121                                 decfsz  Vactual,1               ;Si Vactual no es 0 decrementamos y segu
                            imos con el motor ON
0053   0009           00122                                 retfie
0054   3080           00123                                 movlw   b'10000000'             ;Dejo el motor parado para ir decrementa
                            ndo Toff en las siguientes interrupciones
0055   0087           00124                                 movwf   PORTC
0056   285E           00125                                 goto    prepararTMR0
0057   0009           00126                                 retfie
                      00127                                 
MPASM  5.42                         COCHE.ASM   5-3-2019  16:45:54         PAGE  4


LOC  OBJECT CODE     LINE SOURCE TEXT
  VALUE

0058                  00128 off
0058   0BA5           00129                                 decfsz  Toff,1
0059   285E           00130                                 goto    prepararTMR0
005A   0821           00131                                 movf    V,0
005B   00A2           00132                                 movwf   Vactual
005C   3C20           00133                                 sublw   .32
005D   00A5           00134                                 movwf   Toff
                      00135                                 ;goto   prepararTMR0
                      00136 
005E                  00137 prepararTMR0
005E   3007           00138                                 movlw   .7
005F   0081           00139                                 movwf   TMR0
0060   110B           00140                                 bcf     INTCON,T0IF     ;Bajamos flag T0IF
0061   0008           00141                                 return
                      00142 
                      00143 
0062                  00144 idrx                                                    ;Aquí venimos cuando salta RCREG por haber recib
                            ido el identificador
0062   081A           00145                                 movf    RCREG,0
0063   00A7           00146                                 movwf   id
0064   0009           00147                                 retfie
                      00148 
                      00149                                 END
MPASM  5.42                         COCHE.ASM   5-3-2019  16:45:54         PAGE  5


SYMBOL TABLE
  LABEL                             VALUE 

ACKDT                             00000005
ACKEN                             00000004
ACKSTAT                           00000006
ADCON0                            0000001F
ADCON1                            0000009F
ADCS0                             00000006
ADCS1                             00000007
ADCS2                             00000006
ADDEN                             00000003
ADFM                              00000007
ADIE                              00000006
ADIF                              00000006
ADON                              00000000
ADRESH                            0000001E
ADRESL                            0000009E
BCLIE                             00000003
BCLIF                             00000003
BF                                00000000
BRGH                              00000002
C                                 00000000
C1INV                             00000004
C1OUT                             00000006
C2INV                             00000005
C2OUT                             00000007
CCP1CON                           00000017
CCP1IE                            00000002
CCP1IF                            00000002
CCP1M0                            00000000
CCP1M1                            00000001
CCP1M2                            00000002
CCP1M3                            00000003
CCP1X                             00000005
CCP1Y                             00000004
CCP2CON                           0000001D
CCP2IE                            00000000
CCP2IF                            00000000
CCP2M0                            00000000
CCP2M1                            00000001
CCP2M2                            00000002
CCP2M3                            00000003
CCP2X                             00000005
CCP2Y                             00000004
CCPR1                             00000015
CCPR1H                            00000016
CCPR1L                            00000015
CCPR2                             0000001B
CCPR2H                            0000001C
CCPR2L                            0000001B
CHS0                              00000003
CHS1                              00000004
CHS2                              00000005
CIS                               00000003
CKE                               00000006
MPASM  5.42                         COCHE.ASM   5-3-2019  16:45:54         PAGE  6


SYMBOL TABLE
  LABEL                             VALUE 

CKP                               00000004
CM0                               00000000
CM1                               00000001
CM2                               00000002
CMCON                             0000009C
CMIE                              00000006
CMIF                              00000006
CREN                              00000004
CSRC                              00000007
CVR0                              00000000
CVR1                              00000001
CVR2                              00000002
CVR3                              00000003
CVRCON                            0000009D
CVREN                             00000007
CVROE                             00000006
CVRR                              00000005
D                                 00000005
DATA_ADDRESS                      00000005
DC                                00000001
D_A                               00000005
D_NOT_A                           00000005
EEADR                             0000010D
EEADRH                            0000010F
EECON1                            0000018C
EECON2                            0000018D
EEDATA                            0000010C
EEDATH                            0000010E
EEIE                              00000004
EEIF                              00000004
EEPGD                             00000007
F                                 00000001
FERR                              00000002
FSR                               00000004
GCEN                              00000007
GIE                               00000007
GO                                00000002
GO_DONE                           00000002
GO_NOT_DONE                       00000002
I2C_DATA                          00000005
I2C_READ                          00000002
I2C_START                         00000003
I2C_STOP                          00000004
INDF                              00000000
INTCON                            0000000B
INTE                              00000004
INTEDG                            00000006
INTF                              00000001
IRP                               00000007
NOT_A                             00000005
NOT_ADDRESS                       00000005
NOT_BO                            00000000
NOT_BOR                           00000000
MPASM  5.42                         COCHE.ASM   5-3-2019  16:45:54         PAGE  7


SYMBOL TABLE
  LABEL                             VALUE 

NOT_DONE                          00000002
NOT_PD                            00000003
NOT_POR                           00000001
NOT_RBPU                          00000007
NOT_RC8                           00000006
NOT_T1SYNC                        00000002
NOT_TO                            00000004
NOT_TX8                           00000006
NOT_W                             00000002
NOT_WRITE                         00000002
OERR                              00000001
OPTION_REG                        00000081
P                                 00000004
PCFG0                             00000000
PCFG1                             00000001
PCFG2                             00000002
PCFG3                             00000003
PCL                               00000002
PCLATH                            0000000A
PCON                              0000008E
PEIE                              00000006
PEN                               00000002
PIE1                              0000008C
PIE2                              0000008D
PIR1                              0000000C
PIR2                              0000000D
PORTA                             00000005
PORTB                             00000006
PORTC                             00000007
PORTCactual                       00000020
PR2                               00000092
PS0                               00000000
PS1                               00000001
PS2                               00000002
PSA                               00000003
R                                 00000002
RA0                               00000000
RA1                               00000001
RA2                               00000002
RA3                               00000003
RA4                               00000004
RA5                               00000005
RB0                               00000000
RB1                               00000001
RB2                               00000002
RB3                               00000003
RB4                               00000004
RB5                               00000005
RB6                               00000006
RB7                               00000007
RBIE                              00000003
RBIF                              00000000
RC0                               00000000
MPASM  5.42                         COCHE.ASM   5-3-2019  16:45:54         PAGE  8


SYMBOL TABLE
  LABEL                             VALUE 

RC1                               00000001
RC2                               00000002
RC3                               00000003
RC4                               00000004
RC5                               00000005
RC6                               00000006
RC7                               00000007
RC8_9                             00000006
RC9                               00000006
RCD8                              00000000
RCEN                              00000003
RCIE                              00000005
RCIF                              00000005
RCREG                             0000001A
RCSTA                             00000018
RD                                00000000
READ_WRITE                        00000002
RP0                               00000005
RP1                               00000006
RSEN                              00000001
RX9                               00000006
RX9D                              00000000
R_NOT_W                           00000002
R_W                               00000002
S                                 00000003
SEN                               00000000
SMP                               00000007
SPBRG                             00000099
SPEN                              00000007
SREN                              00000005
SSPADD                            00000093
SSPBUF                            00000013
SSPCON                            00000014
SSPCON2                           00000091
SSPEN                             00000005
SSPIE                             00000003
SSPIF                             00000003
SSPM0                             00000000
SSPM1                             00000001
SSPM2                             00000002
SSPM3                             00000003
SSPOV                             00000006
SSPSTAT                           00000094
STATUS                            00000003
SYNC                              00000004
T0CS                              00000005
T0IE                              00000005
T0IF                              00000002
T0SE                              00000004
T1CKPS0                           00000004
T1CKPS1                           00000005
T1CON                             00000010
T1INSYNC                          00000002
MPASM  5.42                         COCHE.ASM   5-3-2019  16:45:54         PAGE  9


SYMBOL TABLE
  LABEL                             VALUE 

T1OSCEN                           00000003
T1SYNC                            00000002
T2CKPS0                           00000000
T2CKPS1                           00000001
T2CON                             00000012
TMR0                              00000001
TMR0IE                            00000005
TMR0IF                            00000002
TMR1CS                            00000001
TMR1H                             0000000F
TMR1IE                            00000000
TMR1IF                            00000000
TMR1L                             0000000E
TMR1ON                            00000000
TMR2                              00000011
TMR2IE                            00000001
TMR2IF                            00000001
TMR2ON                            00000002
TOUTPS0                           00000003
TOUTPS1                           00000004
TOUTPS2                           00000005
TOUTPS3                           00000006
TRISA                             00000085
TRISA0                            00000000
TRISA1                            00000001
TRISA2                            00000002
TRISA3                            00000003
TRISA4                            00000004
TRISA5                            00000005
TRISB                             00000086
TRISB0                            00000000
TRISB1                            00000001
TRISB2                            00000002
TRISB3                            00000003
TRISB4                            00000004
TRISB5                            00000005
TRISB6                            00000006
TRISB7                            00000007
TRISC                             00000087
TRISC0                            00000000
TRISC1                            00000001
TRISC2                            00000002
TRISC3                            00000003
TRISC4                            00000004
TRISC5                            00000005
TRISC6                            00000006
TRISC7                            00000007
TRMT                              00000001
TX8_9                             00000006
TX9                               00000006
TX9D                              00000000
TXD8                              00000000
TXEN                              00000005
MPASM  5.42                         COCHE.ASM   5-3-2019  16:45:54         PAGE 10


SYMBOL TABLE
  LABEL                             VALUE 

TXIE                              00000004
TXIF                              00000004
TXREG                             00000019
TXSTA                             00000098
Toff                              00000025
UA                                00000001
V                                 00000021
Vactual                           00000022
W                                 00000000
WCOL                              00000007
WR                                00000001
WREN                              00000002
WRERR                             00000003
Z                                 00000002
_BODEN_OFF                        00003FBF
_BODEN_ON                         00003FFF
_CONFIG                           00002007
_CPD_OFF                          00003FFF
_CPD_ON                           00003EFF
_CP_ALL                           00001FFF
_CP_OFF                           00003FFF
_DEBUG_OFF                        00003FFF
_DEBUG_ON                         000037FF
_DEVID1                           00002006
_HS_OSC                           00003FFE
_IDLOC0                           00002000
_IDLOC1                           00002001
_IDLOC2                           00002002
_IDLOC3                           00002003
_LP_OSC                           00003FFC
_LVP_OFF                          00003F7F
_LVP_ON                           00003FFF
_PWRTE_OFF                        00003FFF
_PWRTE_ON                         00003FF7
_RC_OSC                           00003FFF
_WDT_OFF                          00003FFB
_WDT_ON                           00003FFF
_WRT_1FOURTH                      00003BFF
_WRT_256                          00003DFF
_WRT_HALF                         000039FF
_WRT_OFF                          00003FFF
_XT_OSC                           00003FFD
__16F876A                         00000001
adelante                          00000042
atras                             00000044
atroizq                           0000003D
derecha                           00000040
dos                               00000026
id                                00000027
idcheck                           00000028
idrx                              00000062
inicio                            00000005
interrupcion                      00000023
MPASM  5.42                         COCHE.ASM   5-3-2019  16:45:54         PAGE 11


SYMBOL TABLE
  LABEL                             VALUE 

izquierda                         00000046
main                              00000022
motor                             0000004E
off                               00000058
parado                            00000048
prepararTMR0                      0000005E
sentido                           00000024
terminar                          0000004A
zero                              00000023


MEMORY USAGE MAP ('X' = Used,  '-' = Unused)

0000 : X---XXXXXXXXXXXX XXXXXXXXXXXXXXXX XXXXXXXXXXXXXXXX XXXXXXXXXXXXXXXX
0040 : XXXXXXXXXXXXXXXX XXXXXXXXXXXXXXXX XXXXX----------- ----------------
2000 : -------X-------- ---------------- ---------------- ----------------

All other memory blocks unused.

Program Memory Words Used:    98
Program Memory Words Free:  8094


Errors   :     0
Warnings :     0 reported,     0 suppressed
Messages :    12 reported,     0 suppressed

