MPASM  5.42                         MANDO.ASM   5-3-2019  16:50:54         PAGE  1


LOC  OBJECT CODE     LINE SOURCE TEXT
  VALUE

                      00001                                         LIST p=16f876a
                      00002                                 include "p16f876a.inc"
                      00001         LIST
                      00002 
                      00003 ;==========================================================================
                      00004 ;  MPASM PIC16F876A processor include
                      00005 ; 
                      00006 ;  (c) Copyright 1999-2011 Microchip Technology, All rights reserved
                      00007 ;==========================================================================
                      00008 
                      00513         LIST
2007   3F79           00003                 __CONFIG _XT_OSC & _WDT_OFF & _LVP_OFF
                      00004 
  00000020            00005 DV                              EQU             0X20
                      00006 
  00000022            00007 aux                             EQU             0X22
  00000023            00008 portbanterior                   EQU             0X23
  00000024            00009 portbactual                     EQU             0X24
                      00010         
                      00011 
0000                  00012                                 ORG             0
0000   2805           00013                                 goto            inicio
                      00014         
0004                  00015                                 ORG             4
0004   2826           00016                                 goto            interrupcion
                      00017                 
0005                  00018                                 ORG             5
                      00019 
0005                  00020 inicio
0005   0806           00021                                 movf    PORTB,0
0006   00A3           00022                                 movwf   portbanterior
0007   1683           00023                                 bsf     STATUS,RP0
0008   30FF           00024                                 movlw   b'11111111'
Message[302]: Register in operand not in bank 0.  Ensure that bank bits are correct.
0009   0086           00025                                 movwf   TRISB
Message[302]: Register in operand not in bank 0.  Ensure that bank bits are correct.
000A   1787           00026                                 bsf     TRISC,7         ;USART
Message[302]: Register in operand not in bank 0.  Ensure that bank bits are correct.
000B   1307           00027                                 bcf     TRISC,6
Message[302]: Register in operand not in bank 0.  Ensure that bank bits are correct.
000C   1505           00028                                 bsf     TRISA,2         ;entrada pontenciómetro
Message[302]: Register in operand not in bank 0.  Ensure that bank bits are correct.
000D   139F           00029                                 bcf     ADCON1,ADFM     ;nos quedamos con los 6 bits mas significativos?
Message[302]: Register in operand not in bank 0.  Ensure that bank bits are correct.
000E   119F           00030                                 bcf     ADCON1,PCFG3    ;elegimos configuración buscada puerto A (Querem
                            os RA2 analógico)
Message[302]: Register in operand not in bank 0.  Ensure that bank bits are correct.
000F   111F           00031                                 bcf     ADCON1,PCFG2
Message[302]: Register in operand not in bank 0.  Ensure that bank bits are correct.
0010   109F           00032                                 bcf     ADCON1,PCFG1
Message[302]: Register in operand not in bank 0.  Ensure that bank bits are correct.
0011   101F           00033                                 bcf     ADCON1,PCFG0    ;
Message[302]: Register in operand not in bank 0.  Ensure that bank bits are correct.
MPASM  5.42                         MANDO.ASM   5-3-2019  16:50:54         PAGE  2


LOC  OBJECT CODE     LINE SOURCE TEXT
  VALUE

0012   1318           00034                                 bcf     TXSTA,TX9        ;8 bit transmisión
Message[302]: Register in operand not in bank 0.  Ensure that bank bits are correct.
0013   1698           00035                                 bsf     TXSTA,TXEN       ;activa transmisión
Message[302]: Register in operand not in bank 0.  Ensure that bank bits are correct.
0014   1218           00036                                 bcf     TXSTA,SYNC       ;USART modo asíncrono
Message[302]: Register in operand not in bank 0.  Ensure that bank bits are correct.
0015   1518           00037                                 bsf     TXSTA,BRGH       ;selecciona una de las dos tablas de baud rates
0016   3019           00038                                 movlw   .25
Message[302]: Register in operand not in bank 0.  Ensure that bank bits are correct.
0017   0099           00039                                 movwf   SPBRG
Message[302]: Register in operand not in bank 0.  Ensure that bank bits are correct.
0018   120C           00040                                 bcf     PIE1,TXIE        ;No utilizaremos interrupción e tx
                      00041 
0019   1283           00042                                 bcf     STATUS,RP0
001A   1798           00043                                 bsf     RCSTA,SPEN
001B   129F           00044                                 bcf     ADCON0,CHS2     ;elegimos canal 2 (AN2)
001C   161F           00045                                 bsf     ADCON0,CHS1
001D   119F           00046                                 bcf     ADCON0,CHS0     ;
001E   141F           00047                                 bsf     ADCON0,ADON     ;Activa módulo A/D
001F   151F           00048                                 bsf     ADCON0,GO       ;GO se prondrá a 0 cuando termine conversión
                      00049                                         
0020   178B           00050                                 bsf     INTCON,GIE      ;Activa interrupciones
0021   170B           00051                                 bsf     INTCON,PEIE     ;Habilita interrupciones de periféricos (USART)
0022   158B           00052                                 bsf     INTCON,RBIE     ;Activa interrupciones del puerto B
0023   100B           00053                                 bcf     INTCON,RBIF
0024   110B           00054                                 bcf     INTCON,T0IF
                      00055 
                      00056 
0025                  00057 main
0025   2825           00058                                 goto    main
                      00059 
                      00060 
                      00061 
0026                  00062 interrupcion
0026   151F           00063                                 bsf     ADCON0,GO        ;se pondrá a 0 cuando termine conversión
0027                  00064 bucle
0027   191F           00065                                 btfsc   ADCON0,GO
0028   2827           00066                                 goto    bucle           ;Bucle de espera conversión A/D
0029   081E           00067                                 movf    ADRESH,0        ;ADRESH contiene el resultado conversión A/D 
002A   00A0           00068                                 movwf   DV      
002B   1003           00069                                 bcf     STATUS,C        ;Tendremos que desplazar 5 veces (o dividir entr
                            e 32)
002C   0CA0           00070                                 rrf     DV,1    
002D   1003           00071                                 bcf     STATUS,C
002E   0CA0           00072                                 rrf     DV,1
002F   1003           00073                                 bcf     STATUS,C
0030   0CA0           00074                                 rrf     DV,1
0031   1003           00075                                 bcf     STATUS,C
0032   0CA0           00076                                 rrf     DV,1
0033   1003           00077                                 bcf     STATUS,C
0034   0C20           00078                                 rrf     DV,0                    
                      00079                                 
0035                  00080 direccion                                               ;Vemos qué valor de PORTB ha cambiado para saber
MPASM  5.42                         MANDO.ASM   5-3-2019  16:50:54         PAGE  3


LOC  OBJECT CODE     LINE SOURCE TEXT
  VALUE

                             cual de los 4 bits ha cambiado RB[7:4]
0035   0806           00081                                 movf    PORTB,0         
0036   06A3           00082                                 xorwf   portbanterior,1   
0037   1BA3           00083                                 btfsc   portbanterior,7
0038   283E           00084                                 goto    derecha
0039   1B23           00085                                 btfsc   portbanterior,6
003A   2843           00086                                 goto    adelante
003B   1AA3           00087                                 btfsc   portbanterior,5
003C   2848           00088                                 goto    atras
003D   284D           00089                                 goto    izquierda       
                      00090                                 
003E                  00091 derecha
003E   1F86           00092                                 btfss   PORTB,7          ;pulsar boton = poner a 0
003F   2852           00093                                 goto    parar            ;si RB7 está a 1 esque se ha despulsado así que
                             ha que parar el coche. 
0040   1320           00094                                 bcf     DV,6
0041   12A0           00095                                 bcf     DV,5            ;Se ha pulsado botón, el coche tiene que moverse
0042   2855           00096                                 goto    terminar
0043                  00097 adelante
0043   1F06           00098                                 btfss   PORTB,6
0044   2852           00099                                 goto    parar           ;se ha despulsado
0045   1320           00100                                 bcf     DV,6            ;se ha pulsado
0046   16A0           00101                                 bsf     DV,5
0047   2855           00102                                 goto    terminar                                
0048                  00103 atras
0048   1E86           00104                                 btfss   PORTB,5
0049   2852           00105                                 goto    parar           ;se ha despulsado
004A   1720           00106                                 bsf     DV,6            ;se ha pulsado
004B   12A0           00107                                 bcf     DV,5
004C   2855           00108                                 goto    terminar
                      00109                                 
                      00110 
004D                  00111 izquierda
004D   1E06           00112                                 btfss   PORTB,4
004E   2852           00113                                 goto    parar           ;se ha despulsado       
004F   1720           00114                                 bsf     DV,6            ;se ha pulsado
0050   16A0           00115                                 bsf     DV,5
0051   2855           00116                                 goto    terminar
0052                  00117 parar
0052   1320           00118                                 bcf     DV,6
0053   12A0           00119                                 bcf     DV,5
0054   1220           00120                                 bcf     DV,4
                      00121                                 ;goto terminar
0055                  00122 terminar
Warning[209]: Missing quote
0055   3081           00123                                 movlw   b'10000001
0056   0099           00124                                 movwf   TXREG
0057   0000           00125                                 NOP     
0058   0000           00126                                 NOP
0059   0000           00127                                 NOP
005A   0820           00128                                 movf    DV,0
005B   0099           00129                                 movwf   TXREG
005C   0806           00130                                 movf    PORTB,0
MPASM  5.42                         MANDO.ASM   5-3-2019  16:50:54         PAGE  4


LOC  OBJECT CODE     LINE SOURCE TEXT
  VALUE

005D   00A3           00131                                 movwf   portbanterior
005E   100B           00132                                 bcf     INTCON,RBIF
005F   0009           00133                                 retfie
                      00134                                 
                      00135 
                      00136                                 END
MPASM  5.42                         MANDO.ASM   5-3-2019  16:50:54         PAGE  5


SYMBOL TABLE
  LABEL                             VALUE 

ACKDT                             00000005
ACKEN                             00000004
ACKSTAT                           00000006
ADCON0                            0000001F
ADCON1                            0000009F
ADCS0                             00000006
ADCS1                             00000007
ADCS2                             00000006
ADDEN                             00000003
ADFM                              00000007
ADIE                              00000006
ADIF                              00000006
ADON                              00000000
ADRESH                            0000001E
ADRESL                            0000009E
BCLIE                             00000003
BCLIF                             00000003
BF                                00000000
BRGH                              00000002
C                                 00000000
C1INV                             00000004
C1OUT                             00000006
C2INV                             00000005
C2OUT                             00000007
CCP1CON                           00000017
CCP1IE                            00000002
CCP1IF                            00000002
CCP1M0                            00000000
CCP1M1                            00000001
CCP1M2                            00000002
CCP1M3                            00000003
CCP1X                             00000005
CCP1Y                             00000004
CCP2CON                           0000001D
CCP2IE                            00000000
CCP2IF                            00000000
CCP2M0                            00000000
CCP2M1                            00000001
CCP2M2                            00000002
CCP2M3                            00000003
CCP2X                             00000005
CCP2Y                             00000004
CCPR1                             00000015
CCPR1H                            00000016
CCPR1L                            00000015
CCPR2                             0000001B
CCPR2H                            0000001C
CCPR2L                            0000001B
CHS0                              00000003
CHS1                              00000004
CHS2                              00000005
CIS                               00000003
CKE                               00000006
MPASM  5.42                         MANDO.ASM   5-3-2019  16:50:54         PAGE  6


SYMBOL TABLE
  LABEL                             VALUE 

CKP                               00000004
CM0                               00000000
CM1                               00000001
CM2                               00000002
CMCON                             0000009C
CMIE                              00000006
CMIF                              00000006
CREN                              00000004
CSRC                              00000007
CVR0                              00000000
CVR1                              00000001
CVR2                              00000002
CVR3                              00000003
CVRCON                            0000009D
CVREN                             00000007
CVROE                             00000006
CVRR                              00000005
D                                 00000005
DATA_ADDRESS                      00000005
DC                                00000001
DV                                00000020
D_A                               00000005
D_NOT_A                           00000005
EEADR                             0000010D
EEADRH                            0000010F
EECON1                            0000018C
EECON2                            0000018D
EEDATA                            0000010C
EEDATH                            0000010E
EEIE                              00000004
EEIF                              00000004
EEPGD                             00000007
F                                 00000001
FERR                              00000002
FSR                               00000004
GCEN                              00000007
GIE                               00000007
GO                                00000002
GO_DONE                           00000002
GO_NOT_DONE                       00000002
I2C_DATA                          00000005
I2C_READ                          00000002
I2C_START                         00000003
I2C_STOP                          00000004
INDF                              00000000
INTCON                            0000000B
INTE                              00000004
INTEDG                            00000006
INTF                              00000001
IRP                               00000007
NOT_A                             00000005
NOT_ADDRESS                       00000005
NOT_BO                            00000000
MPASM  5.42                         MANDO.ASM   5-3-2019  16:50:54         PAGE  7


SYMBOL TABLE
  LABEL                             VALUE 

NOT_BOR                           00000000
NOT_DONE                          00000002
NOT_PD                            00000003
NOT_POR                           00000001
NOT_RBPU                          00000007
NOT_RC8                           00000006
NOT_T1SYNC                        00000002
NOT_TO                            00000004
NOT_TX8                           00000006
NOT_W                             00000002
NOT_WRITE                         00000002
OERR                              00000001
OPTION_REG                        00000081
P                                 00000004
PCFG0                             00000000
PCFG1                             00000001
PCFG2                             00000002
PCFG3                             00000003
PCL                               00000002
PCLATH                            0000000A
PCON                              0000008E
PEIE                              00000006
PEN                               00000002
PIE1                              0000008C
PIE2                              0000008D
PIR1                              0000000C
PIR2                              0000000D
PORTA                             00000005
PORTB                             00000006
PORTC                             00000007
PR2                               00000092
PS0                               00000000
PS1                               00000001
PS2                               00000002
PSA                               00000003
R                                 00000002
RA0                               00000000
RA1                               00000001
RA2                               00000002
RA3                               00000003
RA4                               00000004
RA5                               00000005
RB0                               00000000
RB1                               00000001
RB2                               00000002
RB3                               00000003
RB4                               00000004
RB5                               00000005
RB6                               00000006
RB7                               00000007
RBIE                              00000003
RBIF                              00000000
RC0                               00000000
MPASM  5.42                         MANDO.ASM   5-3-2019  16:50:54         PAGE  8


SYMBOL TABLE
  LABEL                             VALUE 

RC1                               00000001
RC2                               00000002
RC3                               00000003
RC4                               00000004
RC5                               00000005
RC6                               00000006
RC7                               00000007
RC8_9                             00000006
RC9                               00000006
RCD8                              00000000
RCEN                              00000003
RCIE                              00000005
RCIF                              00000005
RCREG                             0000001A
RCSTA                             00000018
RD                                00000000
READ_WRITE                        00000002
RP0                               00000005
RP1                               00000006
RSEN                              00000001
RX9                               00000006
RX9D                              00000000
R_NOT_W                           00000002
R_W                               00000002
S                                 00000003
SEN                               00000000
SMP                               00000007
SPBRG                             00000099
SPEN                              00000007
SREN                              00000005
SSPADD                            00000093
SSPBUF                            00000013
SSPCON                            00000014
SSPCON2                           00000091
SSPEN                             00000005
SSPIE                             00000003
SSPIF                             00000003
SSPM0                             00000000
SSPM1                             00000001
SSPM2                             00000002
SSPM3                             00000003
SSPOV                             00000006
SSPSTAT                           00000094
STATUS                            00000003
SYNC                              00000004
T0CS                              00000005
T0IE                              00000005
T0IF                              00000002
T0SE                              00000004
T1CKPS0                           00000004
T1CKPS1                           00000005
T1CON                             00000010
T1INSYNC                          00000002
MPASM  5.42                         MANDO.ASM   5-3-2019  16:50:54         PAGE  9


SYMBOL TABLE
  LABEL                             VALUE 

T1OSCEN                           00000003
T1SYNC                            00000002
T2CKPS0                           00000000
T2CKPS1                           00000001
T2CON                             00000012
TMR0                              00000001
TMR0IE                            00000005
TMR0IF                            00000002
TMR1CS                            00000001
TMR1H                             0000000F
TMR1IE                            00000000
TMR1IF                            00000000
TMR1L                             0000000E
TMR1ON                            00000000
TMR2                              00000011
TMR2IE                            00000001
TMR2IF                            00000001
TMR2ON                            00000002
TOUTPS0                           00000003
TOUTPS1                           00000004
TOUTPS2                           00000005
TOUTPS3                           00000006
TRISA                             00000085
TRISA0                            00000000
TRISA1                            00000001
TRISA2                            00000002
TRISA3                            00000003
TRISA4                            00000004
TRISA5                            00000005
TRISB                             00000086
TRISB0                            00000000
TRISB1                            00000001
TRISB2                            00000002
TRISB3                            00000003
TRISB4                            00000004
TRISB5                            00000005
TRISB6                            00000006
TRISB7                            00000007
TRISC                             00000087
TRISC0                            00000000
TRISC1                            00000001
TRISC2                            00000002
TRISC3                            00000003
TRISC4                            00000004
TRISC5                            00000005
TRISC6                            00000006
TRISC7                            00000007
TRMT                              00000001
TX8_9                             00000006
TX9                               00000006
TX9D                              00000000
TXD8                              00000000
TXEN                              00000005
MPASM  5.42                         MANDO.ASM   5-3-2019  16:50:54         PAGE 10


SYMBOL TABLE
  LABEL                             VALUE 

TXIE                              00000004
TXIF                              00000004
TXREG                             00000019
TXSTA                             00000098
UA                                00000001
W                                 00000000
WCOL                              00000007
WR                                00000001
WREN                              00000002
WRERR                             00000003
Z                                 00000002
_BODEN_OFF                        00003FBF
_BODEN_ON                         00003FFF
_CONFIG                           00002007
_CPD_OFF                          00003FFF
_CPD_ON                           00003EFF
_CP_ALL                           00001FFF
_CP_OFF                           00003FFF
_DEBUG_OFF                        00003FFF
_DEBUG_ON                         000037FF
_DEVID1                           00002006
_HS_OSC                           00003FFE
_IDLOC0                           00002000
_IDLOC1                           00002001
_IDLOC2                           00002002
_IDLOC3                           00002003
_LP_OSC                           00003FFC
_LVP_OFF                          00003F7F
_LVP_ON                           00003FFF
_PWRTE_OFF                        00003FFF
_PWRTE_ON                         00003FF7
_RC_OSC                           00003FFF
_WDT_OFF                          00003FFB
_WDT_ON                           00003FFF
_WRT_1FOURTH                      00003BFF
_WRT_256                          00003DFF
_WRT_HALF                         000039FF
_WRT_OFF                          00003FFF
_XT_OSC                           00003FFD
__16F876A                         00000001
adelante                          00000043
atras                             00000048
aux                               00000022
bucle                             00000027
derecha                           0000003E
direccion                         00000035
inicio                            00000005
interrupcion                      00000026
izquierda                         0000004D
main                              00000025
parar                             00000052
portbactual                       00000024
portbanterior                     00000023
MPASM  5.42                         MANDO.ASM   5-3-2019  16:50:54         PAGE 11


SYMBOL TABLE
  LABEL                             VALUE 

terminar                          00000055


MEMORY USAGE MAP ('X' = Used,  '-' = Unused)

0000 : X---XXXXXXXXXXXX XXXXXXXXXXXXXXXX XXXXXXXXXXXXXXXX XXXXXXXXXXXXXXXX
0040 : XXXXXXXXXXXXXXXX XXXXXXXXXXXXXXXX ---------------- ----------------
2000 : -------X-------- ---------------- ---------------- ----------------

All other memory blocks unused.

Program Memory Words Used:    93
Program Memory Words Free:  8099


Errors   :     0
Warnings :     1 reported,     0 suppressed
Messages :    15 reported,     0 suppressed

